16:49:30.813 INFO  model.Main : creating connection...
16:50:02.916 INFO  controller.BookListController$1 : Book double clicked: Chemistry
16:52:24.313 INFO  controller.BookListController$1 : Book double clicked: Test Audit Trail
16:52:28.941 INFO  controller.BookListController$1 : Book double clicked: Test Audit Trail
16:52:34.173 INFO  controller.BookListController$1 : Book double clicked: The Dolphin Whisperer
17:01:20.357 INFO  controller.BookListController$1 : Book double clicked: Harry Potter: The Series
17:22:58.582 INFO  model.Main : closing connection...
17:23:06.224 INFO  model.Main : creating connection...
17:35:10.643 INFO  model.Main : closing connection...
17:41:23.419 INFO  model.Main : creating connection...
17:41:33.202 INFO  controller.BookListController$1 : Book double clicked: book_16
17:41:46.881 INFO  controller.BookListController$1 : Book double clicked: book_11
17:41:52.840 INFO  model.Main : closing connection...
17:42:29.052 INFO  model.Main : creating connection...
17:42:39.448 INFO  model.Main : closing connection...
17:42:47.686 INFO  model.Main : creating connection...
17:44:19.604 INFO  model.Main : creating connection...
17:46:06.311 INFO  model.Main : creating connection...
17:52:31.665 INFO  model.Main : closing connection...
17:55:01.028 INFO  model.Main : creating connection...
18:17:10.596 INFO  model.Main : closing connection...
18:17:22.646 INFO  model.Main : creating connection...
18:19:39.889 INFO  model.Main : closing connection...
18:19:43.440 INFO  model.Main : creating connection...
18:28:31.355 INFO  model.Main : closing connection...
18:28:35.317 INFO  model.Main : creating connection...
18:30:38.956 INFO  model.Main : closing connection...
18:30:42.433 INFO  model.Main : creating connection...
18:48:49.980 INFO  model.Main : closing connection...
18:48:54.153 INFO  model.Main : creating connection...
19:10:03.732 INFO  model.Main : closing connection...
19:10:09.796 INFO  model.Main : closing connection...
00:05:33.919 INFO  model.Main : creating connection...
00:07:25.495 INFO  model.Main : closing connection...
00:07:29.642 INFO  model.Main : creating connection...
00:11:49.701 INFO  model.Main : closing connection...
00:11:55.355 INFO  model.Main : creating connection...
00:12:27.689 INFO  model.Main : closing connection...
00:12:30.665 INFO  model.Main : creating connection...
00:15:05.730 INFO  model.Main : closing connection...
00:15:10.130 INFO  model.Main : creating connection...
00:16:58.203 INFO  model.Main : creating connection...
00:18:17.370 INFO  model.Main : closing connection...
00:18:23.290 INFO  model.Main : closing connection...
00:25:12.569 INFO  model.Main : creating connection...
00:28:12.617 INFO  model.Main : creating connection...
00:28:13.264 INFO  model.Main : closing connection...
00:29:24.637 INFO  model.Main : creating connection...
00:30:40.061 INFO  model.Main : creating connection...
00:32:12.955 INFO  model.Main : closing connection...
00:32:13.968 INFO  model.Main : closing connection...
00:32:15.420 INFO  model.Main : closing connection...
00:32:18.765 INFO  model.Main : creating connection...
00:36:19.854 INFO  model.Main : closing connection...
00:36:26.905 INFO  model.Main : creating connection...
00:38:10.398 INFO  model.Main : creating connection...
00:44:40.789 INFO  model.Main : closing connection...
00:44:42.771 INFO  model.Main : closing connection...
00:44:45.940 INFO  model.Main : creating connection...
00:47:22.375 INFO  model.Main : creating connection...
00:52:59.523 INFO  model.Main : creating connection...
00:58:19.431 INFO  model.Main : creating connection...
00:59:37.468 INFO  model.Main : creating connection...
01:01:53.101 INFO  model.Main : closing connection...
01:01:53.879 INFO  model.Main : closing connection...
01:01:54.383 INFO  model.Main : closing connection...
01:01:55.312 INFO  model.Main : closing connection...
01:02:00.358 INFO  model.Main : creating connection...
01:06:26.748 INFO  model.Main : creating connection...
01:07:14.337 INFO  model.Main : creating connection...
01:10:41.512 INFO  model.Main : closing connection...
01:37:22.261 INFO  model.Main : closing connection...
01:37:28.019 INFO  model.Main : creating connection...
01:38:55.555 INFO  model.Main : closing connection...
01:38:57.637 INFO  model.Main : closing connection...
01:39:02.592 INFO  model.Main : creating connection...
01:40:07.263 INFO  model.Main : creating connection...
01:44:21.125 INFO  model.Main : closing connection...
01:44:22.526 INFO  model.Main : closing connection...
01:44:25.749 INFO  model.Main : creating connection...
16:21:03.280 INFO  model.Main : creating connection...
16:21:47.807 INFO  controller.BookListController$1 : Book double clicked: Chemistry
16:22:14.710 INFO  model.Main : closing connection...
16:25:10.345 INFO  model.Main : creating connection...
16:25:17.617 INFO  model.Main : closing connection...
16:49:24.588 INFO  model.Main : creating connection...
16:49:30.993 INFO  model.Main : closing connection...
19:36:29.012 INFO  model.Main : creating connection...
19:36:36.491 INFO  model.Main : closing connection...
19:55:40.077 INFO  model.Main : creating connection...
19:55:48.481 INFO  model.Main : closing connection...
20:11:37.788 INFO  model.Main : creating connection...
20:11:42.909 INFO  model.Main : closing connection...
01:57:12.735 INFO  model.Main : creating connection...
01:57:28.021 INFO  model.Main : closing connection...
02:43:10.891 INFO  model.Main : creating connection...
02:46:12.049 INFO  model.Main : creating connection...
02:46:14.460 INFO  model.Main : closing connection...
02:46:28.265 INFO  model.Main : creating connection...
02:46:29.995 INFO  model.Main : closing connection...
02:59:27.700 INFO  model.Main : creating connection...
02:59:47.999 INFO  model.Main : closing connection...
03:00:57.779 INFO  model.Main : creating connection...
03:01:01.933 INFO  model.Main : closing connection...
03:01:13.144 INFO  model.Main : creating connection...
03:02:09.309 INFO  model.Main : creating connection...
03:02:20.736 INFO  model.Main : closing connection...
03:04:31.953 INFO  model.Main : creating connection...
03:04:38.366 INFO  model.Main : closing connection...
03:08:18.014 INFO  model.Main : creating connection...
03:08:21.680 INFO  model.Main : closing connection...
03:08:30.464 INFO  model.Main : creating connection...
03:08:54.973 INFO  controller.BookListController$1 : Book double clicked: Chemistry
03:10:15.726 INFO  controller.BookListController$1 : Book double clicked: Chemistry
03:10:55.003 INFO  model.Main : closing connection...
03:42:25.064 INFO  model.Main : creating connection...
03:42:38.876 INFO  model.Main : closing connection...
03:43:50.282 INFO  model.Main : creating connection...
03:43:54.864 INFO  model.Main : closing connection...
03:44:01.677 INFO  model.Main : creating connection...
03:44:08.635 INFO  controller.BookListController$1 : Book double clicked: Chemistry
03:44:20.490 INFO  model.Main : closing connection...
03:44:32.801 INFO  model.Main : creating connection...
03:44:39.621 INFO  controller.BookListController$1 : Book double clicked: Chemistry
03:44:48.040 INFO  model.Main : closing connection...
03:44:54.294 INFO  model.Main : creating connection...
03:44:58.304 INFO  controller.BookListController$1 : Book double clicked: Chemistry
03:45:08.853 INFO  model.Main : closing connection...
03:46:34.571 INFO  model.Main : creating connection...
03:46:38.621 INFO  controller.BookListController$1 : Book double clicked: The Dolphin Whisperer
03:46:44.909 INFO  model.Main : closing connection...
